running egg_info
creating ../../build/mi_paquete/mi_paquete.egg-info
writing ../../build/mi_paquete/mi_paquete.egg-info/PKG-INFO
writing dependency_links to ../../build/mi_paquete/mi_paquete.egg-info/dependency_links.txt
writing entry points to ../../build/mi_paquete/mi_paquete.egg-info/entry_points.txt
writing requirements to ../../build/mi_paquete/mi_paquete.egg-info/requires.txt
writing top-level names to ../../build/mi_paquete/mi_paquete.egg-info/top_level.txt
writing manifest file '../../build/mi_paquete/mi_paquete.egg-info/SOURCES.txt'
reading manifest file '../../build/mi_paquete/mi_paquete.egg-info/SOURCES.txt'
writing manifest file '../../build/mi_paquete/mi_paquete.egg-info/SOURCES.txt'
running build
running build_py
creating /root/ros2_ws/build/mi_paquete/build
creating /root/ros2_ws/build/mi_paquete/build/lib
creating /root/ros2_ws/build/mi_paquete/build/lib/mi_paquete
copying mi_paquete/saludo.py -> /root/ros2_ws/build/mi_paquete/build/lib/mi_paquete
copying mi_paquete/__init__.py -> /root/ros2_ws/build/mi_paquete/build/lib/mi_paquete
running install
running install_lib
creating /root/ros2_ws/install/mi_paquete/lib/python3.10/site-packages/mi_paquete
copying /root/ros2_ws/build/mi_paquete/build/lib/mi_paquete/saludo.py -> /root/ros2_ws/install/mi_paquete/lib/python3.10/site-packages/mi_paquete
copying /root/ros2_ws/build/mi_paquete/build/lib/mi_paquete/__init__.py -> /root/ros2_ws/install/mi_paquete/lib/python3.10/site-packages/mi_paquete
byte-compiling /root/ros2_ws/install/mi_paquete/lib/python3.10/site-packages/mi_paquete/saludo.py to saludo.cpython-310.pyc
byte-compiling /root/ros2_ws/install/mi_paquete/lib/python3.10/site-packages/mi_paquete/__init__.py to __init__.cpython-310.pyc
running install_data
creating /root/ros2_ws/install/mi_paquete/share/ament_index
creating /root/ros2_ws/install/mi_paquete/share/ament_index/resource_index
creating /root/ros2_ws/install/mi_paquete/share/ament_index/resource_index/packages
copying resource/mi_paquete -> /root/ros2_ws/install/mi_paquete/share/ament_index/resource_index/packages
copying package.xml -> /root/ros2_ws/install/mi_paquete/share/mi_paquete
running install_egg_info
Copying ../../build/mi_paquete/mi_paquete.egg-info to /root/ros2_ws/install/mi_paquete/lib/python3.10/site-packages/mi_paquete-0.0.1-py3.10.egg-info
running install_scripts
Installing saludo script to /root/ros2_ws/install/mi_paquete/lib/mi_paquete
writing list of installed files to '/root/ros2_ws/build/mi_paquete/install.log'
