[0.273s] Invoking command in '/root/ros2_ws/src/mi_paquete': PYTHONPATH=/root/ros2_ws/build/mi_paquete/prefix_override:/usr/lib/python3/dist-packages/colcon_core/task/python/colcon_distutils_commands:/root/ros2_ws/install/mi_paquete/lib/python3.10/site-packages:${PYTHONPATH} /usr/bin/python3 -W ignore:setup.py install is deprecated -W ignore:easy_install command is deprecated setup.py egg_info --egg-base ../../build/mi_paquete build --build-base /root/ros2_ws/build/mi_paquete/build install --record /root/ros2_ws/build/mi_paquete/install.log --single-version-externally-managed install_data
[0.370s] running egg_info
[0.371s] creating ../../build/mi_paquete/mi_paquete.egg-info
[0.371s] writing ../../build/mi_paquete/mi_paquete.egg-info/PKG-INFO
[0.371s] writing dependency_links to ../../build/mi_paquete/mi_paquete.egg-info/dependency_links.txt
[0.371s] writing entry points to ../../build/mi_paquete/mi_paquete.egg-info/entry_points.txt
[0.371s] writing requirements to ../../build/mi_paquete/mi_paquete.egg-info/requires.txt
[0.371s] writing top-level names to ../../build/mi_paquete/mi_paquete.egg-info/top_level.txt
[0.371s] writing manifest file '../../build/mi_paquete/mi_paquete.egg-info/SOURCES.txt'
[0.372s] reading manifest file '../../build/mi_paquete/mi_paquete.egg-info/SOURCES.txt'
[0.372s] writing manifest file '../../build/mi_paquete/mi_paquete.egg-info/SOURCES.txt'
[0.372s] running build
[0.372s] running build_py
[0.372s] creating /root/ros2_ws/build/mi_paquete/build
[0.372s] creating /root/ros2_ws/build/mi_paquete/build/lib
[0.372s] creating /root/ros2_ws/build/mi_paquete/build/lib/mi_paquete
[0.372s] copying mi_paquete/saludo.py -> /root/ros2_ws/build/mi_paquete/build/lib/mi_paquete
[0.372s] copying mi_paquete/__init__.py -> /root/ros2_ws/build/mi_paquete/build/lib/mi_paquete
[0.372s] running install
[0.372s] running install_lib
[0.373s] creating /root/ros2_ws/install/mi_paquete/lib/python3.10/site-packages/mi_paquete
[0.373s] copying /root/ros2_ws/build/mi_paquete/build/lib/mi_paquete/saludo.py -> /root/ros2_ws/install/mi_paquete/lib/python3.10/site-packages/mi_paquete
[0.373s] copying /root/ros2_ws/build/mi_paquete/build/lib/mi_paquete/__init__.py -> /root/ros2_ws/install/mi_paquete/lib/python3.10/site-packages/mi_paquete
[0.373s] byte-compiling /root/ros2_ws/install/mi_paquete/lib/python3.10/site-packages/mi_paquete/saludo.py to saludo.cpython-310.pyc
[0.373s] byte-compiling /root/ros2_ws/install/mi_paquete/lib/python3.10/site-packages/mi_paquete/__init__.py to __init__.cpython-310.pyc
[0.374s] running install_data
[0.374s] creating /root/ros2_ws/install/mi_paquete/share/ament_index
[0.374s] creating /root/ros2_ws/install/mi_paquete/share/ament_index/resource_index
[0.374s] creating /root/ros2_ws/install/mi_paquete/share/ament_index/resource_index/packages
[0.374s] copying resource/mi_paquete -> /root/ros2_ws/install/mi_paquete/share/ament_index/resource_index/packages
[0.374s] copying package.xml -> /root/ros2_ws/install/mi_paquete/share/mi_paquete
[0.374s] running install_egg_info
[0.375s] Copying ../../build/mi_paquete/mi_paquete.egg-info to /root/ros2_ws/install/mi_paquete/lib/python3.10/site-packages/mi_paquete-0.0.1-py3.10.egg-info
[0.375s] running install_scripts
[0.388s] Installing saludo script to /root/ros2_ws/install/mi_paquete/lib/mi_paquete
[0.388s] writing list of installed files to '/root/ros2_ws/build/mi_paquete/install.log'
[0.401s] Invoked command in '/root/ros2_ws/src/mi_paquete' returned '0': PYTHONPATH=/root/ros2_ws/build/mi_paquete/prefix_override:/usr/lib/python3/dist-packages/colcon_core/task/python/colcon_distutils_commands:/root/ros2_ws/install/mi_paquete/lib/python3.10/site-packages:${PYTHONPATH} /usr/bin/python3 -W ignore:setup.py install is deprecated -W ignore:easy_install command is deprecated setup.py egg_info --egg-base ../../build/mi_paquete build --build-base /root/ros2_ws/build/mi_paquete/build install --record /root/ros2_ws/build/mi_paquete/install.log --single-version-externally-managed install_data
