[0.270s] Invoking command in '/root/ros2_ws/src/mi_paquete': PYTHONPATH=/root/ros2_ws/build/mi_paquete/prefix_override:/usr/lib/python3/dist-packages/colcon_core/task/python/colcon_distutils_commands:/root/ros2_ws/install/mi_paquete/lib/python3.10/site-packages:${PYTHONPATH} /usr/bin/python3 -W ignore:setup.py install is deprecated -W ignore:easy_install command is deprecated setup.py egg_info --egg-base ../../build/mi_paquete build --build-base /root/ros2_ws/build/mi_paquete/build install --record /root/ros2_ws/build/mi_paquete/install.log --single-version-externally-managed install_data
[0.368s] running egg_info
[0.368s] writing ../../build/mi_paquete/mi_paquete.egg-info/PKG-INFO
[0.369s] writing dependency_links to ../../build/mi_paquete/mi_paquete.egg-info/dependency_links.txt
[0.369s] writing entry points to ../../build/mi_paquete/mi_paquete.egg-info/entry_points.txt
[0.369s] writing requirements to ../../build/mi_paquete/mi_paquete.egg-info/requires.txt
[0.369s] writing top-level names to ../../build/mi_paquete/mi_paquete.egg-info/top_level.txt
[0.370s] reading manifest file '../../build/mi_paquete/mi_paquete.egg-info/SOURCES.txt'
[0.370s] writing manifest file '../../build/mi_paquete/mi_paquete.egg-info/SOURCES.txt'
[0.370s] running build
[0.370s] running build_py
[0.370s] copying mi_paquete/saludo.py -> /root/ros2_ws/build/mi_paquete/build/lib/mi_paquete
[0.370s] running install
[0.370s] running install_lib
[0.371s] copying /root/ros2_ws/build/mi_paquete/build/lib/mi_paquete/saludo.py -> /root/ros2_ws/install/mi_paquete/lib/python3.10/site-packages/mi_paquete
[0.371s] byte-compiling /root/ros2_ws/install/mi_paquete/lib/python3.10/site-packages/mi_paquete/saludo.py to saludo.cpython-310.pyc
[0.371s] running install_data
[0.371s] running install_egg_info
[0.372s] removing '/root/ros2_ws/install/mi_paquete/lib/python3.10/site-packages/mi_paquete-0.0.1-py3.10.egg-info' (and everything under it)
[0.373s] Copying ../../build/mi_paquete/mi_paquete.egg-info to /root/ros2_ws/install/mi_paquete/lib/python3.10/site-packages/mi_paquete-0.0.1-py3.10.egg-info
[0.373s] running install_scripts
[0.385s] Installing saludo script to /root/ros2_ws/install/mi_paquete/lib/mi_paquete
[0.385s] writing list of installed files to '/root/ros2_ws/build/mi_paquete/install.log'
[0.399s] Invoked command in '/root/ros2_ws/src/mi_paquete' returned '0': PYTHONPATH=/root/ros2_ws/build/mi_paquete/prefix_override:/usr/lib/python3/dist-packages/colcon_core/task/python/colcon_distutils_commands:/root/ros2_ws/install/mi_paquete/lib/python3.10/site-packages:${PYTHONPATH} /usr/bin/python3 -W ignore:setup.py install is deprecated -W ignore:easy_install command is deprecated setup.py egg_info --egg-base ../../build/mi_paquete build --build-base /root/ros2_ws/build/mi_paquete/build install --record /root/ros2_ws/build/mi_paquete/install.log --single-version-externally-managed install_data
